Unity Editor version:    2021.3.6f1 (7da38d85baf6)
Branch:                  2021.3/staging
Build type:              Release
Batch mode:              YES
System name:             Linux
Distro version:          #44-Ubuntu SMP Wed Jun 22 14:20:53 UTC 2022
Kernel version:          5.15.0-41-generic
Architecture:            x86_64
Available memory:        15883 MB
Using pre-set license
Pro License: YES

(Unity:21377): Gdk-CRITICAL **: 00:56:24.610: gdk_window_get_cursor: assertion 'GDK_IS_WINDOW (window)' failed
Desktop is 1366 x 768 @ 60 Hz
Initialize udev device monitor.

COMMAND LINE ARGUMENTS:
Unity
-adb2
-batchMode
-noUpm
-name
AssetImportWorker0
-projectPath
/home/luisgp/UnityProjects/unity-programming-theory/FireHawk
-logFile
Logs/AssetImportWorker0.log
-srvPort
34519
Successfully changed project path to: /home/luisgp/UnityProjects/unity-programming-theory/FireHawk
/home/luisgp/UnityProjects/unity-programming-theory/FireHawk
[UnityMemory] Configuration Parameters - Can be set up in boot.config
    "memorysetup-bucket-allocator-granularity=16"
    "memorysetup-bucket-allocator-bucket-count=8"
    "memorysetup-bucket-allocator-block-size=33554432"
    "memorysetup-bucket-allocator-block-count=8"
    "memorysetup-main-allocator-block-size=16777216"
    "memorysetup-thread-allocator-block-size=16777216"
    "memorysetup-gfx-main-allocator-block-size=16777216"
    "memorysetup-gfx-thread-allocator-block-size=16777216"
    "memorysetup-cache-allocator-block-size=4194304"
    "memorysetup-typetree-allocator-block-size=2097152"
    "memorysetup-profiler-bucket-allocator-granularity=16"
    "memorysetup-profiler-bucket-allocator-bucket-count=8"
    "memorysetup-profiler-bucket-allocator-block-size=33554432"
    "memorysetup-profiler-bucket-allocator-block-count=8"
    "memorysetup-profiler-allocator-block-size=16777216"
    "memorysetup-profiler-editor-allocator-block-size=1048576"
    "memorysetup-temp-allocator-size-main=16777216"
    "memorysetup-job-temp-allocator-block-size=2097152"
    "memorysetup-job-temp-allocator-block-size-background=1048576"
    "memorysetup-job-temp-allocator-reduction-small-platforms=262144"
    "memorysetup-temp-allocator-size-background-worker=32768"
    "memorysetup-temp-allocator-size-job-worker=262144"
    "memorysetup-temp-allocator-size-preload-manager=33554432"
    "memorysetup-temp-allocator-size-nav-mesh-worker=65536"
    "memorysetup-temp-allocator-size-audio-worker=65536"
    "memorysetup-temp-allocator-size-cloud-worker=32768"
    "memorysetup-temp-allocator-size-gi-baking-worker=262144"
    "memorysetup-temp-allocator-size-gfx=262144"
Refreshing native plugins compatible for Editor in 136,52 ms, found 0 plugins.
Preloading 0 native plugins for Editor in 0,00 ms.
Initialize engine version: 2021.3.6f1 (7da38d85baf6)
[Subsystems] Discovering subsystems at path /home/luisgp/Unity/Hub/Editor/2021.3.6f1/Editor/Data/Resources/UnitySubsystems
[Subsystems] Discovering subsystems at path /home/luisgp/UnityProjects/unity-programming-theory/FireHawk/Assets
GLX Extensions: GLX_ARB_create_context GLX_ARB_create_context_no_error GLX_ARB_create_context_profile GLX_ARB_create_context_robustness GLX_ARB_fbconfig_float GLX_ARB_framebuffer_sRGB GLX_ARB_get_proc_address GLX_ARB_multisample GLX_EXT_buffer_age GLX_EXT_create_context_es2_profile GLX_EXT_create_context_es_profile GLX_EXT_fbconfig_packed_float GLX_EXT_framebuffer_sRGB GLX_EXT_no_config_context GLX_EXT_swap_control GLX_EXT_swap_control_tear GLX_EXT_texture_from_pixmap GLX_EXT_visual_info GLX_EXT_visual_rating GLX_INTEL_swap_event GLX_MESA_copy_sub_buffer GLX_MESA_query_renderer GLX_MESA_swap_control GLX_OML_swap_method GLX_OML_sync_control GLX_SGIS_multisample GLX_SGIX_fbconfig GLX_SGIX_pbuffer GLX_SGIX_visual_select_group GLX_SGI_make_current_read GLX_SGI_swap_control GLX_SGI_video_sync 
Renderer: Mesa Intel(R) HD Graphics 520 (SKL GT2)
Vendor:   Intel
Version:  4.6 (Core Profile) Mesa 22.0.1
GLES:     0
 GL_3DFX_texture_compression_FXT1 GL_AMD_conservative_depth GL_AMD_depth_clamp_separate GL_AMD_draw_buffers_blend GL_AMD_gpu_shader_int64 GL_AMD_multi_draw_indirect GL_AMD_performance_monitor GL_AMD_pinned_memory GL_AMD_query_buffer_object GL_AMD_seamless_cubemap_per_texture GL_AMD_shader_stencil_export GL_AMD_shader_trinary_minmax GL_AMD_texture_texture4 GL_AMD_vertex_shader_layer GL_AMD_vertex_shader_viewport_index GL_ANGLE_texture_compression_dxt3 GL_ANGLE_texture_compression_dxt5 GL_ARB_ES2_compatibility GL_ARB_ES3_1_compatibility GL_ARB_ES3_2_compatibility GL_ARB_ES3_compatibility GL_ARB_arrays_of_arrays GL_ARB_base_instance GL_ARB_blend_func_extended GL_ARB_buffer_storage GL_ARB_clear_buffer_object GL_ARB_clear_texture GL_ARB_clip_control GL_ARB_compressed_texture_pixel_storage GL_ARB_compute_shader GL_ARB_compute_variable_group_size GL_ARB_conditional_render_inverted GL_ARB_conservative_depth GL_ARB_copy_buffer GL_ARB_copy_image GL_ARB_cull_distance GL_ARB_debug_output GL_ARB_depth_buffer_float GL_ARB
_depth_clamp GL_ARB_derivative_control GL_ARB_direct_state_access GL_ARB_draw_buffers GL_ARB_draw_buffers_blend GL_ARB_draw_elements_base_vertex GL_ARB_draw_indirect GL_ARB_draw_instanced GL_ARB_enhanced_layouts GL_ARB_explicit_attrib_location GL_ARB_explicit_uniform_location GL_ARB_fragment_coord_conventions GL_ARB_fragment_layer_viewport GL_ARB_fragment_shader GL_ARB_fragment_shader_interlock GL_ARB_framebuffer_no_attachments GL_ARB_framebuffer_object GL_ARB_framebuffer_sRGB GL_ARB_get_program_binary GL_ARB_get_texture_sub_image GL_ARB_gl_spirv GL_ARB_gpu_shader5 GL_ARB_gpu_shader_fp64 GL_ARB_gpu_shader_int64 GL_ARB_half_float_pixel GL_ARB_half_float_vertex GL_ARB_indirect_parameters GL_ARB_instanced_arrays GL_ARB_internalformat_query GL_ARB_internalformat_query2 GL_ARB_invalidate_subdata GL_ARB_map_buffer_alignment GL_ARB_map_buffer_range GL_ARB_multi_bind GL_ARB_multi_draw_indirect GL_ARB_occlusion_query2 GL_ARB_parallel_shader_compile GL_ARB_pipeline_statistics_query GL_ARB_pixel_buffer_object GL_ARB_po
int_sprite GL_ARB_polygon_offset_clamp GL_ARB_post_depth_coverage GL_ARB_program_interface_query GL_ARB_provoking_vertex GL_ARB_query_buffer_object GL_ARB_robust_buffer_access_behavior GL_ARB_robustness GL_ARB_sample_shading GL_ARB_sampler_objects GL_ARB_seamless_cube_map GL_ARB_seamless_cubemap_per_texture GL_ARB_separate_shader_objects GL_ARB_shader_atomic_counter_ops GL_ARB_shader_atomic_counters GL_ARB_shader_ballot GL_ARB_shader_bit_encoding GL_ARB_shader_clock GL_ARB_shader_draw_parameters GL_ARB_shader_group_vote GL_ARB_shader_image_load_store GL_ARB_shader_image_size GL_ARB_shader_objects GL_ARB_shader_precision GL_ARB_shader_stencil_export GL_ARB_shader_storage_buffer_object GL_ARB_shader_subroutine GL_ARB_shader_texture_image_samples GL_ARB_shader_texture_lod GL_ARB_shader_viewport_layer_array GL_ARB_shading_language_420pack GL_ARB_shading_language_include GL_ARB_shading_language_packing GL_ARB_spirv_extensions GL_ARB_stencil_texturing GL_ARB_sync GL_ARB_tessellation_shader GL_ARB_texture_barrier G
L_ARB_texture_buffer_object GL_ARB_texture_buffer_object_rgb32 GL_ARB_texture_buffer_range GL_ARB_texture_compression_bptc GL_ARB_texture_compression_rgtc GL_ARB_texture_cube_map_array GL_ARB_texture_filter_anisotropic GL_ARB_texture_float GL_ARB_texture_gather GL_ARB_texture_mirror_clamp_to_edge GL_ARB_texture_multisample GL_ARB_texture_non_power_of_two GL_ARB_texture_query_levels GL_ARB_texture_query_lod GL_ARB_texture_rectangle GL_ARB_texture_rg GL_ARB_texture_rgb10_a2ui GL_ARB_texture_stencil8 GL_ARB_texture_storage GL_ARB_texture_storage_multisample GL_ARB_texture_swizzle GL_ARB_texture_view GL_ARB_timer_query GL_ARB_transform_feedback2 GL_ARB_transform_feedback3 GL_ARB_transform_feedback_instanced GL_ARB_transform_feedback_overflow_query GL_ARB_uniform_buffer_object GL_ARB_vertex_array_bgra GL_ARB_vertex_array_object GL_ARB_vertex_attrib_64bit GL_ARB_vertex_attrib_binding GL_ARB_vertex_buffer_object GL_ARB_vertex_shader GL_ARB_vertex_type_10f_11f_11f_rev GL_ARB_vertex_type_2_10_10_10_rev GL_ARB_viewpor
t_array GL_ATI_blend_equation_separate GL_ATI_texture_float GL_EXT_EGL_image_storage GL_EXT_EGL_sync GL_EXT_abgr GL_EXT_blend_equation_separate GL_EXT_demote_to_helper_invocation GL_EXT_draw_buffers2 GL_EXT_draw_instanced GL_EXT_framebuffer_blit GL_EXT_framebuffer_multisample GL_EXT_framebuffer_multisample_blit_scaled GL_EXT_framebuffer_object GL_EXT_framebuffer_sRGB GL_EXT_memory_object GL_EXT_memory_object_fd GL_EXT_packed_depth_stencil GL_EXT_packed_float GL_EXT_pixel_buffer_object GL_EXT_polygon_offset_clamp GL_EXT_provoking_vertex GL_EXT_semaphore GL_EXT_semaphore_fd GL_EXT_shader_framebuffer_fetch GL_EXT_shader_framebuffer_fetch_non_coherent GL_EXT_shader_integer_mix GL_EXT_shader_samples_identical GL_EXT_texture_array GL_EXT_texture_compression_dxt1 GL_EXT_texture_compression_rgtc GL_EXT_texture_compression_s3tc GL_EXT_texture_filter_anisotropic GL_EXT_texture_integer GL_EXT_texture_sRGB GL_EXT_texture_sRGB_R8 GL_EXT_texture_sRGB_decode GL_EXT_texture_shadow_lod GL_EXT_texture_shared_exponent GL_EXT_t
exture_snorm GL_EXT_texture_swizzle GL_EXT_timer_query GL_EXT_transform_feedback GL_EXT_vertex_array_bgra GL_EXT_vertex_attrib_64bit GL_IBM_multimode_draw_arrays GL_INTEL_blackhole_render GL_INTEL_conservative_rasterization GL_INTEL_performance_query GL_INTEL_shader_atomic_float_minmax GL_INTEL_shader_integer_functions2 GL_KHR_blend_equation_advanced GL_KHR_blend_equation_advanced_coherent GL_KHR_context_flush_control GL_KHR_debug GL_KHR_no_error GL_KHR_parallel_shader_compile GL_KHR_robust_buffer_access_behavior GL_KHR_robustness GL_KHR_texture_compression_astc_ldr GL_KHR_texture_compression_astc_sliced_3d GL_MESA_framebuffer_flip_y GL_MESA_pack_invert GL_MESA_shader_integer_functions GL_MESA_texture_signed_rgba GL_NV_compute_shader_derivatives GL_NV_conditional_render GL_NV_copy_image GL_NV_depth_clamp GL_NV_fragment_shader_interlock GL_NV_packed_depth_stencil GL_NV_texture_barrier GL_OES_EGL_image GL_S3_s3tc
OPENGL LOG: Creating OpenGL 4.6 graphics device ; Context level  <OpenGL 4.5> ; Context handle 129841424
Initialize mono
Mono path[0] = '/home/luisgp/Unity/Hub/Editor/2021.3.6f1/Editor/Data/Managed'
Mono path[1] = '/home/luisgp/Unity/Hub/Editor/2021.3.6f1/Editor/Data/MonoBleedingEdge/lib/mono/unityjit-linux'
Mono config path = '/home/luisgp/Unity/Hub/Editor/2021.3.6f1/Editor/Data/MonoBleedingEdge/etc'
Using monoOptions --debugger-agent=transport=dt_socket,embedding=1,server=y,suspend=n,address=127.0.0.1:56377
Begin MonoManager ReloadAssembly
Registering precompiled unity dll's ...
Register platform support module: /home/luisgp/Unity/Hub/Editor/2021.3.6f1/Editor/Data/PlaybackEngines/WebGLSupport/UnityEditor.WebGL.Extensions.dll
Register platform support module: /home/luisgp/Unity/Hub/Editor/2021.3.6f1/Editor/Data/PlaybackEngines/WindowsStandaloneSupport/UnityEditor.WindowsStandalone.Extensions.dll
Register platform support module: /home/luisgp/Unity/Hub/Editor/2021.3.6f1/Editor/Data/PlaybackEngines/LinuxStandaloneSupport/UnityEditor.LinuxStandalone.Extensions.dll
Registered in 0,014060 seconds.
Native extension for LinuxStandalone target not found
Native extension for WindowsStandalone target not found
Native extension for WebGL target not found
Refreshing native plugins compatible for Editor in 133,09 ms, found 0 plugins.
Preloading 0 native plugins for Editor in 0,00 ms.
Mono: successfully reloaded assembly
- Completed reload, in  1,077 seconds
Domain Reload Profiling:
	ReloadAssembly (1078ms)
		BeginReloadAssembly (84ms)
			ExecutionOrderSort (0ms)
			DisableScriptedObjects (0ms)
			BackupInstance (0ms)
			ReleaseScriptingObjects (0ms)
			CreateAndSetChildDomain (1ms)
		EndReloadAssembly (809ms)
			LoadAssemblies (80ms)
			RebuildTransferFunctionScriptingTraits (0ms)
			SetupTypeCache (203ms)
			ReleaseScriptCaches (0ms)
			RebuildScriptCaches (52ms)
			SetupLoadedEditorAssemblies (463ms)
				LogAssemblyErrors (0ms)
				InitializePlatformSupportModulesInManaged (17ms)
				SetLoadedEditorAssemblies (0ms)
				RefreshPlugins (133ms)
				BeforeProcessingInitializeOnLoad (2ms)
				ProcessInitializeOnLoadAttributes (232ms)
				ProcessInitializeOnLoadMethodAttributes (78ms)
				AfterProcessingInitializeOnLoad (0ms)
				EditorAssembliesLoaded (0ms)
			ExecutionOrderSort2 (0ms)
			AwakeInstancesAfterBackupRestoration (0ms)
Platform modules already initialized, skipping
Registering precompiled user dll's ...
Registered in 0,007671 seconds.
Begin MonoManager ReloadAssembly
Symbol file LoadedFromMemory doesn't match image /home/luisgp/UnityProjects/unity-programming-theory/FireHawk/Library/PackageCache/com.unity.visualscripting@1.7.8/Editor/VisualScripting.Core/Dependencies/YamlDotNet/Unity.VisualScripting.YamlDotNet.dll
Symbol file LoadedFromMemory doesn't match image /home/luisgp/UnityProjects/unity-programming-theory/FireHawk/Library/PackageCache/com.unity.visualscripting@1.7.8/Editor/VisualScripting.Core/Dependencies/DotNetZip/Unity.VisualScripting.IonicZip.dll
Native extension for LinuxStandalone target not found
Native extension for WindowsStandalone target not found
Native extension for WebGL target not found
Refreshing native plugins compatible for Editor in 0,82 ms, found 0 plugins.
Preloading 0 native plugins for Editor in 0,00 ms.
Mono: successfully reloaded assembly
- Completed reload, in  1,764 seconds
Domain Reload Profiling:
	ReloadAssembly (1765ms)
		BeginReloadAssembly (151ms)
			ExecutionOrderSort (0ms)
			DisableScriptedObjects (8ms)
			BackupInstance (0ms)
			ReleaseScriptingObjects (0ms)
			CreateAndSetChildDomain (32ms)
		EndReloadAssembly (1428ms)
			LoadAssemblies (93ms)
			RebuildTransferFunctionScriptingTraits (0ms)
			SetupTypeCache (471ms)
			ReleaseScriptCaches (1ms)
			RebuildScriptCaches (89ms)
			SetupLoadedEditorAssemblies (679ms)
				LogAssemblyErrors (0ms)
				InitializePlatformSupportModulesInManaged (17ms)
				SetLoadedEditorAssemblies (1ms)
				RefreshPlugins (1ms)
				BeforeProcessingInitializeOnLoad (148ms)
				ProcessInitializeOnLoadAttributes (445ms)
				ProcessInitializeOnLoadMethodAttributes (55ms)
				AfterProcessingInitializeOnLoad (13ms)
				EditorAssembliesLoaded (0ms)
			ExecutionOrderSort2 (0ms)
			AwakeInstancesAfterBackupRestoration (9ms)
Platform modules already initialized, skipping
========================================================================
Worker process is ready to serve import requests
Launched and connected shader compiler UnityShaderCompiler after 0.01 seconds
Refreshing native plugins compatible for Editor in 0,98 ms, found 0 plugins.
Preloading 0 native plugins for Editor in 0,00 ms.
Unloading 3368 Unused Serialized files (Serialized files now loaded: 0)
Unloading 27 unused Assets / (72,8 KB). Loaded Objects now: 3825.
Memory consumption went from 111,3 MB to 111,2 MB.
Total: 5,787169 ms (FindLiveObjects: 0,365431 ms CreateObjectMapping: 0,287222 ms MarkObjects: 4,840932 ms  DeleteObjects: 0,291865 ms)

AssetImportParameters requested are different than current active one (requested -> active):
  custom:video-decoder-ogg-theora: a1e56fd34408186e4bbccfd4996cb3dc -> 
  custom:container-muxer-webm: aa71ff27fc2769a1b78a27578f13a17b -> 
  custom:container-demuxer-webm: 4f35f7cbe854078d1ac9338744f61a02 -> 
  custom:video-encoder-webm-vp8: eb34c28f22e8b96e1ab97ce403110664 -> 
  custom:audio-encoder-webm-vorbis: bf7c407c2cedff20999df2af8eb42d56 -> 
  custom:container-demuxer-ogg: 62fdf1f143b41e24485cea50d1cbac27 -> 
  custom:video-decoder-webm-vp8: 9c59270c3fd7afecdb556c50c9e8de78 -> 
  custom:audio-decoder-ogg-vorbis: bf7c407c2cedff20999df2af8eb42d56 -> 
========================================================================
Received Import Request.
  Time since last request: 29823,752775 seconds.
  path: Assets/3D/FireFalcon2.blend
  artifactKey: Guid(031b3bf3591fd5ab1b4127eb890966f6) Importer(815301076,1909f56bfc062723c751e8b465ee728b)
Start importing Assets/3D/FireFalcon2.blend using Guid(031b3bf3591fd5ab1b4127eb890966f6) Importer(815301076,1909f56bfc062723c751e8b465ee728b)  -> (artifact id: '2b97f96b5d79eddffa4720020089c530') in 0,605249 seconds 
========================================================================
Received Import Request.
  Time since last request: 0,000035 seconds.
  path: Assets/3D
  artifactKey: Guid(946edf7af74d8c3c6b96267113ed4377) Importer(815301076,1909f56bfc062723c751e8b465ee728b)
Start importing Assets/3D using Guid(946edf7af74d8c3c6b96267113ed4377) Importer(815301076,1909f56bfc062723c751e8b465ee728b)  -> (artifact id: '16b95318573d8bb1705d4c4860f4c610') in 0,000887 seconds 
========================================================================
Received Import Request.
  Time since last request: 123,535062 seconds.
  path: Assets/3D/FireFalcon2.blend
  artifactKey: Guid(031b3bf3591fd5ab1b4127eb890966f6) Importer(815301076,1909f56bfc062723c751e8b465ee728b)
Start importing Assets/3D/FireFalcon2.blend using Guid(031b3bf3591fd5ab1b4127eb890966f6) Importer(815301076,1909f56bfc062723c751e8b465ee728b)  -> (artifact id: 'f68b6005ba52535140200ec465dbc9cd') in 0,067240 seconds 
========================================================================
Received Import Request.
  Time since last request: 4,236538 seconds.
  path: Assets/3D/Textures
  artifactKey: Guid(317600d7aec6b749597586ef1f12f92d) Importer(815301076,1909f56bfc062723c751e8b465ee728b)
Start importing Assets/3D/Textures using Guid(317600d7aec6b749597586ef1f12f92d) Importer(815301076,1909f56bfc062723c751e8b465ee728b)  -> (artifact id: '2b7ee2a8f0e48593d41a95725b3492ad') in 0,002081 seconds 
========================================================================
Received Import Request.
  Time since last request: 0,034826 seconds.
  path: Assets/3D/Textures/FireFalconTex.png
  artifactKey: Guid(e4cf9dca309ca83e89af6ef5c38cd547) Importer(815301076,1909f56bfc062723c751e8b465ee728b)
Start importing Assets/3D/Textures/FireFalconTex.png using Guid(e4cf9dca309ca83e89af6ef5c38cd547) Importer(815301076,1909f56bfc062723c751e8b465ee728b)  -> (artifact id: '88d2ffdd5885c0ac3604bbdecdb9a38f') in 0,029695 seconds 
========================================================================
Received Import Request.
  Time since last request: 104,638220 seconds.
  path: Assets/3D/FireFalcon2.blend
  artifactKey: Guid(031b3bf3591fd5ab1b4127eb890966f6) Importer(815301076,1909f56bfc062723c751e8b465ee728b)
Start importing Assets/3D/FireFalcon2.blend using Guid(031b3bf3591fd5ab1b4127eb890966f6) Importer(815301076,1909f56bfc062723c751e8b465ee728b)  -> (artifact id: '465ac4c986ec6514930a1fad4df41a1e') in 0,046599 seconds 
========================================================================
Received Import Request.
  Time since last request: 10,227089 seconds.
  path: Assets/3D/FireFalcon2.blend1
  artifactKey: Guid(0ba2c0b9163616f9f8b6717a202dbbe2) Importer(815301076,1909f56bfc062723c751e8b465ee728b)
Start importing Assets/3D/FireFalcon2.blend1 using Guid(0ba2c0b9163616f9f8b6717a202dbbe2) Importer(815301076,1909f56bfc062723c751e8b465ee728b)  -> (artifact id: 'ee811a4a143bec6c63e55dc42cce727d') in 0,002895 seconds 
========================================================================
Received Import Request.
  Time since last request: 251,087360 seconds.
  path: Assets/3D/FireFalcon2.blend
  artifactKey: Guid(031b3bf3591fd5ab1b4127eb890966f6) Importer(815301076,1909f56bfc062723c751e8b465ee728b)
Start importing Assets/3D/FireFalcon2.blend using Guid(031b3bf3591fd5ab1b4127eb890966f6) Importer(815301076,1909f56bfc062723c751e8b465ee728b)  -> (artifact id: 'a544b6e2a18b5335eb068832d1304219') in 0,052501 seconds 
========================================================================
Received Import Request.
  Time since last request: 30,631687 seconds.
  path: Assets/3D/FireFalcon2.blend
  artifactKey: Guid(031b3bf3591fd5ab1b4127eb890966f6) Importer(815301076,1909f56bfc062723c751e8b465ee728b)
Start importing Assets/3D/FireFalcon2.blend using Guid(031b3bf3591fd5ab1b4127eb890966f6) Importer(815301076,1909f56bfc062723c751e8b465ee728b)  -> (artifact id: 'ad7049fbec691ec739e5dab20e54d70b') in 0,045459 seconds 
========================================================================
Received Import Request.
  Time since last request: 16,439771 seconds.
  path: Assets/3D/FireFalcon2.blend1
  artifactKey: Guid(0ba2c0b9163616f9f8b6717a202dbbe2) Importer(815301076,1909f56bfc062723c751e8b465ee728b)
Start importing Assets/3D/FireFalcon2.blend1 using Guid(0ba2c0b9163616f9f8b6717a202dbbe2) Importer(815301076,1909f56bfc062723c751e8b465ee728b)  -> (artifact id: 'b62571ff2227d11ee10c9291b579d589') in 0,001760 seconds 
========================================================================
Received Import Request.
  Time since last request: 72,493541 seconds.
  path: Assets/3D/FireFalcon2.blend
  artifactKey: Guid(031b3bf3591fd5ab1b4127eb890966f6) Importer(815301076,1909f56bfc062723c751e8b465ee728b)
Start importing Assets/3D/FireFalcon2.blend using Guid(031b3bf3591fd5ab1b4127eb890966f6) Importer(815301076,1909f56bfc062723c751e8b465ee728b)  -> (artifact id: 'f6681aecc41a3616141335f75342a337') in 0,041347 seconds 
========================================================================
Received Import Request.
  Time since last request: 82,833448 seconds.
  path: Assets/3D/FireFalcon2.blend
  artifactKey: Guid(031b3bf3591fd5ab1b4127eb890966f6) Importer(815301076,1909f56bfc062723c751e8b465ee728b)
Start importing Assets/3D/FireFalcon2.blend using Guid(031b3bf3591fd5ab1b4127eb890966f6) Importer(815301076,1909f56bfc062723c751e8b465ee728b)  -> (artifact id: '1c2dfb3917ae28df19e699a691f1d383') in 0,040196 seconds 
========================================================================
Received Import Request.
  Time since last request: 44,167082 seconds.
  path: Assets/3D/FireFalcon2.blend
  artifactKey: Guid(031b3bf3591fd5ab1b4127eb890966f6) Importer(815301076,1909f56bfc062723c751e8b465ee728b)
Start importing Assets/3D/FireFalcon2.blend using Guid(031b3bf3591fd5ab1b4127eb890966f6) Importer(815301076,1909f56bfc062723c751e8b465ee728b)  -> (artifact id: '253abae27b761ab72ba9749561c5fabc') in 0,043553 seconds 
========================================================================
Received Import Request.
  Time since last request: 38,645230 seconds.
  path: Assets/3D/FireHawk.blend
  artifactKey: Guid(031b3bf3591fd5ab1b4127eb890966f6) Importer(815301076,1909f56bfc062723c751e8b465ee728b)
Start importing Assets/3D/FireHawk.blend using Guid(031b3bf3591fd5ab1b4127eb890966f6) Importer(815301076,1909f56bfc062723c751e8b465ee728b)  -> (artifact id: '6fae6872f0437e3ec0192f4df60483aa') in 0,043141 seconds 
========================================================================
Received Import Request.
  Time since last request: 2,297022 seconds.
  path: Assets/3D/FireFalcon2.blend1
  artifactKey: Guid(0ba2c0b9163616f9f8b6717a202dbbe2) Importer(815301076,1909f56bfc062723c751e8b465ee728b)
Start importing Assets/3D/FireFalcon2.blend1 using Guid(0ba2c0b9163616f9f8b6717a202dbbe2) Importer(815301076,1909f56bfc062723c751e8b465ee728b)  -> (artifact id: '510559e21e7a95828cff92db5d72a2ee') in 0,002746 seconds 
========================================================================
Received Import Request.
  Time since last request: 10,492215 seconds.
  path: Assets/3D/FireHawk.blend1
  artifactKey: Guid(0ba2c0b9163616f9f8b6717a202dbbe2) Importer(815301076,1909f56bfc062723c751e8b465ee728b)
Start importing Assets/3D/FireHawk.blend1 using Guid(0ba2c0b9163616f9f8b6717a202dbbe2) Importer(815301076,1909f56bfc062723c751e8b465ee728b)  -> (artifact id: '394d7f0878dbbb08b8dd060af02139fa') in 0,001562 seconds 
========================================================================
Received Import Request.
  Time since last request: 23,393421 seconds.
  path: Assets/Prefabs
  artifactKey: Guid(795071d5d5419e4fcb11814e1fa7bd05) Importer(815301076,1909f56bfc062723c751e8b465ee728b)
Start importing Assets/Prefabs using Guid(795071d5d5419e4fcb11814e1fa7bd05) Importer(815301076,1909f56bfc062723c751e8b465ee728b)  -> (artifact id: '4603ca80bd28a7bc098fadba1f325ec4') in 0,001312 seconds 
========================================================================
Received Import Request.
  Time since last request: 8,308391 seconds.
  path: Assets/Prefabs/FireFalcon2.prefab
  artifactKey: Guid(55527d4c9288474d4bfe65bd337134db) Importer(815301076,1909f56bfc062723c751e8b465ee728b)
Start importing Assets/Prefabs/FireFalcon2.prefab using Guid(55527d4c9288474d4bfe65bd337134db) Importer(815301076,1909f56bfc062723c751e8b465ee728b)  -> (artifact id: '451a24100bec5238487b77cc9bc97c8a') in 0,019998 seconds 
========================================================================
Received Import Request.
  Time since last request: 19,898558 seconds.
  path: Assets/Prefabs/FireHawk.prefab
  artifactKey: Guid(f9a52f469d077a8d48f3ed18e5682a53) Importer(815301076,1909f56bfc062723c751e8b465ee728b)
Start importing Assets/Prefabs/FireHawk.prefab using Guid(f9a52f469d077a8d48f3ed18e5682a53) Importer(815301076,1909f56bfc062723c751e8b465ee728b)  -> (artifact id: 'fc490d4877478e3e28506848c003949c') in 0,021418 seconds 
========================================================================
Received Import Request.
  Time since last request: 105,088645 seconds.
  path: Assets/Scenes
  artifactKey: Guid(6ea315d0fd7389c41b19996891e99ae3) Importer(815301076,1909f56bfc062723c751e8b465ee728b)
Start importing Assets/Scenes using Guid(6ea315d0fd7389c41b19996891e99ae3) Importer(815301076,1909f56bfc062723c751e8b465ee728b)  -> (artifact id: 'b8193726cff86800c54781cdc6d54904') in 0,001921 seconds 
========================================================================
Received Import Request.
  Time since last request: 19,685218 seconds.
  path: Assets/Scenes/MainScene0.unity
  artifactKey: Guid(ec980f94a327526f5932a9523c2bc241) Importer(815301076,1909f56bfc062723c751e8b465ee728b)
Start importing Assets/Scenes/MainScene0.unity using Guid(ec980f94a327526f5932a9523c2bc241) Importer(815301076,1909f56bfc062723c751e8b465ee728b)  -> (artifact id: 'c438461e01abcc590c05441e23d19d85') in 0,001790 seconds 
========================================================================
Received Import Request.
  Time since last request: 179,962381 seconds.
  path: Assets/Scripts
  artifactKey: Guid(958c540a120852e3db3ae3b9e045ef52) Importer(815301076,1909f56bfc062723c751e8b465ee728b)
Start importing Assets/Scripts using Guid(958c540a120852e3db3ae3b9e045ef52) Importer(815301076,1909f56bfc062723c751e8b465ee728b)  -> (artifact id: 'c90aa58d02e87baad7a55ec47a0bcce4') in 0,001265 seconds 
========================================================================
Received Import Request.
  Time since last request: 28,195288 seconds.
  path: Assets/Scripts/FireHawk.cs
  artifactKey: Guid(dd9945fa6184b01ae9a423554f5dbc5e) Importer(815301076,1909f56bfc062723c751e8b465ee728b)
Start importing Assets/Scripts/FireHawk.cs using Guid(dd9945fa6184b01ae9a423554f5dbc5e) Importer(815301076,1909f56bfc062723c751e8b465ee728b)  -> (artifact id: '8a4cf8e30f8156f93d3fd14fdb99cb64') in 0,002032 seconds 
========================================================================
Received Prepare
Registering precompiled user dll's ...
Registered in 0,008487 seconds.
Begin MonoManager ReloadAssembly
Symbol file LoadedFromMemory doesn't match image /home/luisgp/UnityProjects/unity-programming-theory/FireHawk/Library/PackageCache/com.unity.visualscripting@1.7.8/Editor/VisualScripting.Core/Dependencies/YamlDotNet/Unity.VisualScripting.YamlDotNet.dll
Symbol file LoadedFromMemory doesn't match image /home/luisgp/UnityProjects/unity-programming-theory/FireHawk/Library/PackageCache/com.unity.visualscripting@1.7.8/Editor/VisualScripting.Core/Dependencies/DotNetZip/Unity.VisualScripting.IonicZip.dll
Native extension for LinuxStandalone target not found
Native extension for WindowsStandalone target not found
Native extension for WebGL target not found
Refreshing native plugins compatible for Editor in 1,44 ms, found 0 plugins.
Preloading 0 native plugins for Editor in 0,00 ms.
Mono: successfully reloaded assembly
- Completed reload, in  1,819 seconds
Domain Reload Profiling:
	ReloadAssembly (1819ms)
		BeginReloadAssembly (203ms)
			ExecutionOrderSort (0ms)
			DisableScriptedObjects (8ms)
			BackupInstance (0ms)
			ReleaseScriptingObjects (0ms)
			CreateAndSetChildDomain (78ms)
		EndReloadAssembly (1442ms)
			LoadAssemblies (99ms)
			RebuildTransferFunctionScriptingTraits (0ms)
			SetupTypeCache (524ms)
			ReleaseScriptCaches (1ms)
			RebuildScriptCaches (81ms)
			SetupLoadedEditorAssemblies (624ms)
				LogAssemblyErrors (0ms)
				InitializePlatformSupportModulesInManaged (26ms)
				SetLoadedEditorAssemblies (1ms)
				RefreshPlugins (1ms)
				BeforeProcessingInitializeOnLoad (109ms)
				ProcessInitializeOnLoadAttributes (413ms)
				ProcessInitializeOnLoadMethodAttributes (59ms)
				AfterProcessingInitializeOnLoad (14ms)
				EditorAssembliesLoaded (0ms)
			ExecutionOrderSort2 (0ms)
			AwakeInstancesAfterBackupRestoration (11ms)
Platform modules already initialized, skipping
Refreshing native plugins compatible for Editor in 1,95 ms, found 0 plugins.
Preloading 0 native plugins for Editor in 0,00 ms.
Unloading 3364 Unused Serialized files (Serialized files now loaded: 0)
Unloading 20 unused Assets / (56,6 KB). Loaded Objects now: 3872.
Memory consumption went from 113,8 MB to 113,8 MB.
Total: 6,143923 ms (FindLiveObjects: 0,346092 ms CreateObjectMapping: 0,271649 ms MarkObjects: 5,311246 ms  DeleteObjects: 0,212896 ms)

AssetImportParameters requested are different than current active one (requested -> active):
  custom:video-decoder-ogg-theora: a1e56fd34408186e4bbccfd4996cb3dc -> 
  custom:container-muxer-webm: aa71ff27fc2769a1b78a27578f13a17b -> 
  custom:container-demuxer-webm: 4f35f7cbe854078d1ac9338744f61a02 -> 
  custom:video-encoder-webm-vp8: eb34c28f22e8b96e1ab97ce403110664 -> 
  custom:audio-encoder-webm-vorbis: bf7c407c2cedff20999df2af8eb42d56 -> 
  custom:container-demuxer-ogg: 62fdf1f143b41e24485cea50d1cbac27 -> 
  custom:video-decoder-webm-vp8: 9c59270c3fd7afecdb556c50c9e8de78 -> 
  custom:audio-decoder-ogg-vorbis: bf7c407c2cedff20999df2af8eb42d56 -> 
========================================================================
Received Prepare
Registering precompiled user dll's ...
Registered in 0,006277 seconds.
Begin MonoManager ReloadAssembly
Symbol file LoadedFromMemory doesn't match image /home/luisgp/UnityProjects/unity-programming-theory/FireHawk/Library/PackageCache/com.unity.visualscripting@1.7.8/Editor/VisualScripting.Core/Dependencies/YamlDotNet/Unity.VisualScripting.YamlDotNet.dll
Symbol file LoadedFromMemory doesn't match image /home/luisgp/UnityProjects/unity-programming-theory/FireHawk/Library/PackageCache/com.unity.visualscripting@1.7.8/Editor/VisualScripting.Core/Dependencies/DotNetZip/Unity.VisualScripting.IonicZip.dll
Native extension for LinuxStandalone target not found
Native extension for WindowsStandalone target not found
Native extension for WebGL target not found
Refreshing native plugins compatible for Editor in 0,62 ms, found 0 plugins.
Preloading 0 native plugins for Editor in 0,00 ms.
Mono: successfully reloaded assembly
- Completed reload, in  1,660 seconds
Domain Reload Profiling:
	ReloadAssembly (1662ms)
		BeginReloadAssembly (199ms)
			ExecutionOrderSort (0ms)
			DisableScriptedObjects (12ms)
			BackupInstance (0ms)
			ReleaseScriptingObjects (0ms)
			CreateAndSetChildDomain (50ms)
		EndReloadAssembly (1280ms)
			LoadAssemblies (105ms)
			RebuildTransferFunctionScriptingTraits (0ms)
			SetupTypeCache (470ms)
			ReleaseScriptCaches (1ms)
			RebuildScriptCaches (71ms)
			SetupLoadedEditorAssemblies (564ms)
				LogAssemblyErrors (0ms)
				InitializePlatformSupportModulesInManaged (23ms)
				SetLoadedEditorAssemblies (1ms)
				RefreshPlugins (1ms)
				BeforeProcessingInitializeOnLoad (97ms)
				ProcessInitializeOnLoadAttributes (388ms)
				ProcessInitializeOnLoadMethodAttributes (44ms)
				AfterProcessingInitializeOnLoad (11ms)
				EditorAssembliesLoaded (1ms)
			ExecutionOrderSort2 (0ms)
			AwakeInstancesAfterBackupRestoration (7ms)
Platform modules already initialized, skipping
Refreshing native plugins compatible for Editor in 1,96 ms, found 0 plugins.
Preloading 0 native plugins for Editor in 0,00 ms.
Unloading 3364 Unused Serialized files (Serialized files now loaded: 0)
Unloading 20 unused Assets / (56,6 KB). Loaded Objects now: 3875.
Memory consumption went from 113,8 MB to 113,8 MB.
Total: 5,856252 ms (FindLiveObjects: 0,373420 ms CreateObjectMapping: 0,478981 ms MarkObjects: 4,716475 ms  DeleteObjects: 0,285848 ms)

AssetImportParameters requested are different than current active one (requested -> active):
  custom:video-decoder-ogg-theora: a1e56fd34408186e4bbccfd4996cb3dc -> 
  custom:container-muxer-webm: aa71ff27fc2769a1b78a27578f13a17b -> 
  custom:container-demuxer-webm: 4f35f7cbe854078d1ac9338744f61a02 -> 
  custom:video-encoder-webm-vp8: eb34c28f22e8b96e1ab97ce403110664 -> 
  custom:audio-encoder-webm-vorbis: bf7c407c2cedff20999df2af8eb42d56 -> 
  custom:container-demuxer-ogg: 62fdf1f143b41e24485cea50d1cbac27 -> 
  custom:video-decoder-webm-vp8: 9c59270c3fd7afecdb556c50c9e8de78 -> 
  custom:audio-decoder-ogg-vorbis: bf7c407c2cedff20999df2af8eb42d56 -> 
========================================================================
Received Import Request.
  Time since last request: 804,891703 seconds.
  path: Assets/Scripts/FireHawk.cs
  artifactKey: Guid(dd9945fa6184b01ae9a423554f5dbc5e) Importer(815301076,1909f56bfc062723c751e8b465ee728b)
Start importing Assets/Scripts/FireHawk.cs using Guid(dd9945fa6184b01ae9a423554f5dbc5e) Importer(815301076,1909f56bfc062723c751e8b465ee728b)  -> (artifact id: 'ac81fba0be96bc3c54b0e4766c8102b2') in 0,007816 seconds 
========================================================================
Received Import Request.
  Time since last request: 0,533373 seconds.
  path: Assets/Scenes/SampleScene.unity
  artifactKey: Guid(9fc0d4010bbf28b4594072e72b8655ab) Importer(815301076,1909f56bfc062723c751e8b465ee728b)
Start importing Assets/Scenes/SampleScene.unity using Guid(9fc0d4010bbf28b4594072e72b8655ab) Importer(815301076,1909f56bfc062723c751e8b465ee728b)  -> (artifact id: 'b18592328d8d124667874df7f345b253') in 0,000825 seconds 
